<?xml version="1.0" encoding="UTF-8"?>
<testsuites>
  <testsuite name="fastlane.lanes">
    
    
    
      
      <testcase classname="fastlane.lanes" name="0: default_platform" time="0.009306">
        
      </testcase>
    
      
      <testcase classname="fastlane.lanes" name="1: test" time="34.775908">
        
          <failure message="/usr/local/Cellar/fastlane/2.145.0/libexec/gems/fastlane-2.145.0/fastlane/lib/fastlane/actions/actions_helper.rb:48:in `execute_action'&#10;/usr/local/Cellar/fastlane/2.145.0/libexec/gems/fastlane-2.145.0/fastlane/lib/fastlane/runner.rb:253:in `block in execute_action'&#10;/usr/local/Cellar/fastlane/2.145.0/libexec/gems/fastlane-2.145.0/fastlane/lib/fastlane/runner.rb:227:in `chdir'&#10;/usr/local/Cellar/fastlane/2.145.0/libexec/gems/fastlane-2.145.0/fastlane/lib/fastlane/runner.rb:227:in `execute_action'&#10;/usr/local/Cellar/fastlane/2.145.0/libexec/gems/fastlane-2.145.0/fastlane/lib/fastlane/runner.rb:157:in `trigger_action_by_name'&#10;/usr/local/Cellar/fastlane/2.145.0/libexec/gems/fastlane-2.145.0/fastlane/lib/fastlane/fast_file.rb:159:in `method_missing'&#10;Fastfile:21:in `block (2 levels) in parsing_binding'&#10;/usr/local/Cellar/fastlane/2.145.0/libexec/gems/fastlane-2.145.0/fastlane/lib/fastlane/lane.rb:33:in `call'&#10;/usr/local/Cellar/fastlane/2.145.0/libexec/gems/fastlane-2.145.0/fastlane/lib/fastlane/runner.rb:49:in `block in execute'&#10;/usr/local/Cellar/fastlane/2.145.0/libexec/gems/fastlane-2.145.0/fastlane/lib/fastlane/runner.rb:45:in `chdir'&#10;/usr/local/Cellar/fastlane/2.145.0/libexec/gems/fastlane-2.145.0/fastlane/lib/fastlane/runner.rb:45:in `execute'&#10;/usr/local/Cellar/fastlane/2.145.0/libexec/gems/fastlane-2.145.0/fastlane/lib/fastlane/lane_manager.rb:56:in `cruise_lane'&#10;/usr/local/Cellar/fastlane/2.145.0/libexec/gems/fastlane-2.145.0/fastlane/lib/fastlane/command_line_handler.rb:36:in `handle'&#10;/usr/local/Cellar/fastlane/2.145.0/libexec/gems/fastlane-2.145.0/fastlane/lib/fastlane/commands_generator.rb:108:in `block (2 levels) in run'&#10;/usr/local/Cellar/fastlane/2.145.0/libexec/gems/commander-fastlane-4.4.6/lib/commander/command.rb:178:in `call'&#10;/usr/local/Cellar/fastlane/2.145.0/libexec/gems/commander-fastlane-4.4.6/lib/commander/command.rb:153:in `run'&#10;/usr/local/Cellar/fastlane/2.145.0/libexec/gems/commander-fastlane-4.4.6/lib/commander/runner.rb:476:in `run_active_command'&#10;/usr/local/Cellar/fastlane/2.145.0/libexec/gems/fastlane-2.145.0/fastlane_core/lib/fastlane_core/ui/fastlane_runner.rb:76:in `run!'&#10;/usr/local/Cellar/fastlane/2.145.0/libexec/gems/commander-fastlane-4.4.6/lib/commander/delegates.rb:15:in `run!'&#10;/usr/local/Cellar/fastlane/2.145.0/libexec/gems/fastlane-2.145.0/fastlane/lib/fastlane/commands_generator.rb:349:in `run'&#10;/usr/local/Cellar/fastlane/2.145.0/libexec/gems/fastlane-2.145.0/fastlane/lib/fastlane/commands_generator.rb:41:in `start'&#10;/usr/local/Cellar/fastlane/2.145.0/libexec/gems/fastlane-2.145.0/fastlane/lib/fastlane/cli_tools_distributor.rb:119:in `take_off'&#10;/usr/local/Cellar/fastlane/2.145.0/libexec/gems/fastlane-2.145.0/bin/fastlane:23:in `&lt;top (required)&gt;'&#10;/usr/local/Cellar/fastlane/2.145.0/libexec/bin/fastlane:23:in `load'&#10;/usr/local/Cellar/fastlane/2.145.0/libexec/bin/fastlane:23:in `&lt;main&gt;'&#10;&#10;Exit status of command '/Users/Work/Desktop/Michael\ Halim/Projects/AndroidFastlane/gradlew test -p .' was 1 instead of 0.&#10;Downloading https://services.gradle.org/distributions/gradle-6.3-bin.zip&#10;.................................................................................................&#10;Unzipping /Users/Work/.gradle/wrapper/dists/gradle-6.3-bin/8tpu6egwsccjzp10c1jckl0rx/gradle-6.3-bin.zip to /Users/Work/.gradle/wrapper/dists/gradle-6.3-bin/8tpu6egwsccjzp10c1jckl0rx&#10;Set executable permissions for: /Users/Work/.gradle/wrapper/dists/gradle-6.3-bin/8tpu6egwsccjzp10c1jckl0rx/gradle-6.3/bin/gradle&#10;&#10;Welcome to Gradle 6.3!&#10;&#10;Here are the highlights of this release:&#10; - Java 14 support&#10; - Improved error messages for unexpected failures&#10;&#10;For more details see https://docs.gradle.org/6.3/release-notes.html&#10;&#10;Starting a Gradle Daemon (subsequent builds will be faster)&#10;&#10;&gt; Configure project :app&#10;File /Users/Work/.android/repositories.cfg could not be loaded.&#10;Checking the license for package Android SDK Build-Tools 27.0.3 in /Users/Work/Library/Android/sdk/licenses&#10;Warning: License for package Android SDK Build-Tools 27.0.3 not accepted.&#10;&#10;FAILURE: Build failed with an exception.&#10;&#10;* What went wrong:&#10;A problem occurred configuring project ':app'.&#10;&gt; Failed to install the following Android SDK packages as some licences have not been accepted.&#10;     build-tools;27.0.3 Android SDK Build-Tools 27.0.3&#10;  To build this project, accept the SDK license agreements and install the missing components using the Android Studio SDK Manager.&#10;  Alternatively, to transfer the license agreements from one workstation to another, see http://d.android.com/r/studio-ui/export-licenses.html&#10;  &#10;  Using Android SDK: /Users/Work/Library/Android/sdk&#10;&#10;* Try:&#10;Run with --stacktrace option to get the stack trace. Run with --info or --debug option to get more log output. Run with --scan to get full insights.&#10;&#10;* Get more help at https://help.gradle.org&#10;&#10;Deprecated Gradle features were used in this build, making it incompatible with Gradle 7.0.&#10;Use '--warning-mode all' to show the individual deprecation warnings.&#10;See https://docs.gradle.org/6.3/userguide/command_line_interface.html#sec:command_line_warnings&#10;&#10;BUILD FAILED in 33s&#10;" />
        
      </testcase>
    
  </testsuite>
</testsuites>
